<?xml version="1.0" encoding="UTF-8"?>
<!-- Generated by org.testng.reporters.JUnitReportReporter -->
<testsuite hostname="LAPTOP-P3VHC49B" failures="0" tests="5" name="Tests.TestOnLocalAPIs_003" time="1.582" errors="0" timestamp="2022-07-05T14:45:12 IST" skipped="0">
  <testcase classname="Tests.TestOnLocalAPIs_003" name="getRequest" time="0.123"/>
  <system-out/>
  <testcase classname="Tests.TestOnLocalAPIs_003" name="putRequest" time="0.029"/>
  <system-out/>
  <testcase classname="Tests.TestOnLocalAPIs_003" name="deleteRequest" time="1.324"/>
  <system-out/>
  <testcase classname="Tests.TestOnLocalAPIs_003" name="postRequest" time="0.047"/>
  <system-out/>
  <testcase classname="Tests.TestOnLocalAPIs_003" name="patchRequest" time="0.059"/>
  <system-out/>
</testsuite> <!-- Tests.TestOnLocalAPIs_003 -->
