<?xml version="1.0" encoding="UTF-8"?>
<!-- Generated by org.testng.reporters.JUnitReportReporter -->
<testsuite hostname="LAPTOP-P3VHC49B" failures="0" tests="3" name="Tests.test_001" time="14.533" errors="0" timestamp="2022-07-01T17:01:44 IST" skipped="0">
  <testcase classname="Tests.test_001" name="first_test" time="5.947"/>
  <system-out/>
  <testcase classname="Tests.test_001" name="second_test" time="5.555"/>
  <system-out/>
  <testcase classname="Tests.test_001" name="post_request" time="3.031"/>
  <system-out/>
</testsuite> <!-- Tests.test_001 -->
