<?xml version="1.0" encoding="UTF-8"?>
<!-- Generated by org.testng.reporters.JUnitReportReporter -->
<testsuite hostname="LAPTOP-P3VHC49B" failures="0" tests="3" name="Tests.test_001" time="10.432" errors="0" timestamp="2022-07-09T15:08:25 IST" skipped="0">
  <testcase classname="Tests.test_001" name="second_test" time="2.935"/>
  <system-out/>
  <testcase classname="Tests.test_001" name="first_test" time="6.824"/>
  <system-out/>
  <testcase classname="Tests.test_001" name="post_request" time="0.673"/>
  <system-out/>
</testsuite> <!-- Tests.test_001 -->
