<?xml version="1.0" encoding="UTF-8"?>
<!-- Generated by org.testng.reporters.JUnitReportReporter -->
<testsuite hostname="LAPTOP-P3VHC49B" failures="0" tests="4" name="Tests.TestOnLocalAPIs" time="1.717" errors="0" timestamp="2022-07-05T14:38:05 IST" skipped="0">
  <testcase classname="Tests.TestOnLocalAPIs" name="getRequest" time="1.571"/>
  <system-out/>
  <testcase classname="Tests.TestOnLocalAPIs" name="patchRequest" time="0.060"/>
  <system-out/>
  <testcase classname="Tests.TestOnLocalAPIs" name="putRequest" time="0.042"/>
  <system-out/>
  <testcase classname="Tests.TestOnLocalAPIs" name="postRequest" time="0.044"/>
  <system-out/>
</testsuite> <!-- Tests.TestOnLocalAPIs -->
