<?xml version="1.0" encoding="UTF-8"?>
<!-- Generated by org.testng.reporters.JUnitReportReporter -->
<testsuite hostname="LAPTOP-P3VHC49B" failures="0" tests="1" name="Tests.JSON_Schma_Validator_004" time="2.426" errors="0" timestamp="2022-07-06T17:03:26 IST" skipped="0">
  <testcase classname="Tests.JSON_Schma_Validator_004" name="json_SchemaValidator" time="2.426"/>
  <system-out/>
</testsuite> <!-- Tests.JSON_Schma_Validator_004 -->
