<?xml version="1.0" encoding="UTF-8"?>
<!-- Generated by org.testng.reporters.JUnitReportReporter -->
<testsuite hostname="LAPTOP-P3VHC49B" failures="0" tests="1" name="Tests.Soap_XML_Request_005" time="0.888" errors="0" timestamp="2022-07-07T15:07:47 IST" skipped="0">
  <testcase classname="Tests.Soap_XML_Request_005" name="soapXMLValidation" time="0.888"/>
  <system-out/>
</testsuite> <!-- Tests.Soap_XML_Request_005 -->
