<?xml version="1.0" encoding="UTF-8"?>
<!-- Generated by org.testng.reporters.JUnitReportReporter -->
<testsuite hostname="LAPTOP-P3VHC49B" failures="0" tests="3" name="Tests.put_patch_delete" time="5.372" errors="0" timestamp="2022-07-01T17:16:07 IST" skipped="0">
  <testcase classname="Tests.put_patch_delete" name="patch_request" time="0.794"/>
  <system-out/>
  <testcase classname="Tests.put_patch_delete" name="put_request" time="1.301"/>
  <system-out/>
  <testcase classname="Tests.put_patch_delete" name="delete_request" time="3.277"/>
  <system-out/>
</testsuite> <!-- Tests.put_patch_delete -->
