<?xml version="1.0" encoding="UTF-8"?>
<!-- Generated by org.testng.reporters.JUnitReportReporter -->
<testsuite hostname="LAPTOP-P3VHC49B" failures="0" tests="3" name="Tests.put_patch_delete_002" time="4.322" errors="0" timestamp="2022-07-07T15:07:47 IST" skipped="0">
  <testcase classname="Tests.put_patch_delete_002" name="patch_request" time="0.642"/>
  <system-out/>
  <testcase classname="Tests.put_patch_delete_002" name="put_request" time="0.781"/>
  <system-out/>
  <testcase classname="Tests.put_patch_delete_002" name="delete_request" time="2.899"/>
  <system-out/>
</testsuite> <!-- Tests.put_patch_delete_002 -->
